Compiling build :client to "resources/public/js/client.js" from ["src"]...
[32mSuccessfully compiled build :client to "resources/public/js/client.js" in 1.023 seconds.[0m
notifying browser that file changed:  resources/public/js/goog/deps.js
notifying browser that file changed:  resources/public/js/cljs_deps.js
notifying browser that file changed:  resources/public/js/sketchy/core.js
Compiling build :client to "resources/public/js/client.js" from ["src"]...
[31mFailed to compile build :client from ["src"] in 0.639 seconds.[0m
[36m----  Could not Read  src/sketchy/core.cljs   line:76 ----[0m

  [1m/home/alex/Sketchy/src/sketchy/core.cljs [line 76, col 1] Unexpected EOF while reading item 8 of list, starting at line 26 and column 1.[0m

[36m----  Reader Error : Please see src/sketchy/core.cljs  ----[0m
Compiling build :client to "resources/public/js/client.js" from ["src"]...
[32mSuccessfully compiled build :client to "resources/public/js/client.js" in 1.05 seconds.[0m
notifying browser that file changed:  resources/public/js/goog/deps.js
notifying browser that file changed:  resources/public/js/cljs_deps.js
notifying browser that file changed:  resources/public/js/sketchy/core.js
Compiling build :client to "resources/public/js/client.js" from ["src"]...
[32mSuccessfully compiled build :client to "resources/public/js/client.js" in 1.046 seconds.[0m
notifying browser that file changed:  resources/public/js/goog/deps.js
notifying browser that file changed:  resources/public/js/cljs_deps.js
notifying browser that file changed:  resources/public/js/sketchy/core.js
Compiling build :client to "resources/public/js/client.js" from ["src"]...
[32mSuccessfully compiled build :client to "resources/public/js/client.js" in 0.972 seconds.[0m
notifying browser that file changed:  resources/public/js/sketchy/core.js
Compiling build :client to "resources/public/js/client.js" from ["src"]...
[32mSuccessfully compiled build :client to "resources/public/js/client.js" in 0.92 seconds.[0m
notifying browser that file changed:  resources/public/js/sketchy/core.js
Compiling build :client to "resources/public/js/client.js" from ["src"]...
[32mSuccessfully compiled build :client to "resources/public/js/client.js" in 0.935 seconds.[0m
notifying browser that file changed:  resources/public/js/sketchy/core.js
Compiling build :client to "resources/public/js/client.js" from ["src"]...
[32mSuccessfully compiled build :client to "resources/public/js/client.js" in 1.086 seconds.[0m
notifying browser that file changed:  resources/public/js/goog/deps.js
notifying browser that file changed:  resources/public/js/cljs_deps.js
notifying browser that file changed:  resources/public/js/sketchy/core.js
Compiling build :client to "resources/public/js/client.js" from ["src"]...
[32mSuccessfully compiled build :client to "resources/public/js/client.js" in 1.007 seconds.[0m
notifying browser that file changed:  resources/public/js/goog/deps.js
notifying browser that file changed:  resources/public/js/cljs_deps.js
notifying browser that file changed:  resources/public/js/sketchy/core.js
Compiling build :client to "resources/public/js/client.js" from ["src"]...
[32mSuccessfully compiled build :client to "resources/public/js/client.js" in 0.992 seconds.[0m
notifying browser that file changed:  resources/public/js/sketchy/core.js
Compiling build :client to "resources/public/js/client.js" from ["src"]...
[32mSuccessfully compiled build :client to "resources/public/js/client.js" in 0.934 seconds.[0m
notifying browser that file changed:  resources/public/js/sketchy/core.js
Compiling build :client to "resources/public/js/client.js" from ["src"]...
[32mSuccessfully compiled build :client to "resources/public/js/client.js" in 0.997 seconds.[0m
notifying browser that file changed:  resources/public/js/sketchy/core.js
